<?xml version="1.0" encoding="UTF-8"?>
<!-- Generated by org.testng.reporters.JUnitReportReporter -->
<testsuite skipped="0" hostname="vijay" name="com.qa.testcases.TestLoginPage" tests="3" failures="0" timestamp="14 Aug 2018 18:44:27 GMT" time="52.337" errors="0">
  <testcase name="logintest" time="31.062" classname="com.qa.testcases.TestLoginPage"/>
  <testcase name="LoginpageTitleTest" time="10.111" classname="com.qa.testcases.TestLoginPage"/>
  <testcase name="CRMLogoTest" time="11.164" classname="com.qa.testcases.TestLoginPage"/>
</testsuite> <!-- com.qa.testcases.TestLoginPage -->
