<?xml version="1.0" encoding="UTF-8"?>
<!-- Generated by org.testng.reporters.JUnitReportReporter -->
<testsuite skipped="0" hostname="PC365987" name="com.qa.testcases.TestLoginPage" tests="3" failures="0" timestamp="17 Aug 2018 05:01:21 GMT" time="67.705" errors="0">
  <testcase name="LoginpageTitleTest" time="25.264" classname="com.qa.testcases.TestLoginPage"/>
  <testcase name="CRMLogoTest" time="15.241" classname="com.qa.testcases.TestLoginPage"/>
  <testcase name="logintest" time="27.200" classname="com.qa.testcases.TestLoginPage"/>
</testsuite> <!-- com.qa.testcases.TestLoginPage -->
